client/src/components/__tests__/Button.test.tsx(2,32): error TS2307: Cannot find module '../test/utils' or its corresponding type declarations.
client/src/components/__tests__/Button.test.tsx(4,48): error TS2307: Cannot find module './Button' or its corresponding type declarations.
client/src/components/layout/FeedGrid.tsx(6,21): error TS2614: Module '"../features/VideoCard"' has no exported member 'VideoCardSkeleton'. Did you mean to use 'import VideoCardSkeleton from "../features/VideoCard"' instead?
client/src/components/layout/FeedGrid.tsx(77,12): error TS2741: Property 'user' is missing in type '{ key: string; post: Post; }' but required in type 'VideoCardProps'.
client/src/components/SwarmDebug.tsx(19,95): error TS7006: Parameter 'payload' implicitly has an 'any' type.
client/src/components/SwarmDebug.tsx(120,29): error TS2322: Type '"destructive"' is not assignable to type '"primary" | "outline" | "ghost" | "icon" | undefined'.
client/src/components/TransitionWrapper.tsx(52,9): error TS2322: Type '{ initial: { opacity: number; y: number; }; animate: { opacity: number; y: number; transition: { duration: number; ease: number[]; }; }; exit: { opacity: number; y: number; transition: { duration: number; ease: number[]; }; }; }' is not assignable to type 'Variants'.
client/src/contexts/NotificationContext.tsx(41,73): error TS7006: Parameter '_event' implicitly has an 'any' type.
client/src/contexts/NotificationContext.tsx(41,81): error TS7006: Parameter 'session' implicitly has an 'any' type.
client/src/contexts/NotificationContext.tsx(70,36): error TS7006: Parameter 'n' implicitly has an 'any' type.
client/src/contexts/NotificationContext.tsx(101,16): error TS7006: Parameter 'payload' implicitly has an 'any' type.
client/src/hooks/useInfiniteFeed.ts(36,17): error TS2698: Spread types may only be created from object types.
client/src/hooks/useInfiniteFeed.ts(101,17): error TS2698: Spread types may only be created from object types.
client/src/pages/Analytics.tsx(85,47): error TS7006: Parameter 'sum' implicitly has an 'any' type.
client/src/pages/Analytics.tsx(85,52): error TS7006: Parameter 'post' implicitly has an 'any' type.
client/src/pages/AuthCallback.tsx(97,81): error TS7006: Parameter 'event' implicitly has an 'any' type.
client/src/pages/AuthCallback.tsx(97,88): error TS7006: Parameter 'session' implicitly has an 'any' type.
client/src/pages/Challenges.tsx(85,22): error TS7006: Parameter 'progress' implicitly has an 'any' type.
client/src/pages/moderation/Moderation.tsx(507,38): error TS2339: Property 'human_decision' does not exist on type 'ModerationLog'.
client/src/pages/moderation/Moderation.tsx(508,28): error TS2339: Property 'reviewed_at' does not exist on type 'ModerationLog'.
client/src/pages/moderation/Moderation.tsx(508,56): error TS2339: Property 'reviewed_at' does not exist on type 'ModerationLog'.
client/src/pages/Player.tsx(84,47): error TS7006: Parameter 'p' implicitly has an 'any' type.
client/src/pages/PostDetail.tsx(74,13): error TS2322: Type '{ fire_level: any; } | undefined' is not assignable to type 'Fire | undefined'.
client/src/pages/PostDetail.tsx(116,10): error TS7006: Parameter 'payload' implicitly has an 'any' type.
client/src/pages/Studio.tsx(34,47): error TS2345: Argument of type 'string' is not assignable to parameter of type 'File'.
client/src/pages/Studio.tsx(37,23): error TS2345: Argument of type 'string' is not assignable to parameter of type 'File'.
client/src/pages/Studio.tsx(75,22): error TS18048: 'videoResult.highlights' is possibly 'undefined'.
client/src/services/bees/JoualBee.ts(280,14): error TS2802: Type 'Set<string>' can only be iterated through when using the '--downlevelIteration' flag or with a '--target' of 'es2015' or higher.
client/src/services/geminiService.ts(6,36): error TS2307: Cannot find module '@google/generative-ai' or its corresponding type declarations.
client/src/services/geminiService.ts(50,35): error TS7006: Parameter 'tag' implicitly has an 'any' type.
client/src/services/subscriptionService.ts(329,55): error TS7006: Parameter 'sum' implicitly has an 'any' type.
client/src/services/subscriptionService.ts(329,60): error TS7006: Parameter 'e' implicitly has an 'any' type.
client/src/services/subscriptionService.ts(330,55): error TS7006: Parameter 'sum' implicitly has an 'any' type.
client/src/services/subscriptionService.ts(330,60): error TS7006: Parameter 'e' implicitly has an 'any' type.
client/src/test/evaluation.ts(310,30): error TS2802: Type 'Map<string, number[]>' can only be iterated through when using the '--downlevelIteration' flag or with a '--target' of 'es2015' or higher.
client/src/zyeute-colony-bridge/SwarmHealthDashboard.tsx(50,11): error TS2783: 'state' is specified more than once, so this usage will be overwritten.
client/src/zyeute-colony-bridge/SwarmHealthDashboard.tsx(55,11): error TS2783: 'state' is specified more than once, so this usage will be overwritten.
client/src/zyeute-colony-bridge/SwarmHealthDashboard.tsx(60,11): error TS2783: 'state' is specified more than once, so this usage will be overwritten.
client/src/zyeute-colony-bridge/TiGuySwarmAdapter.ts(185,9): error TS2322: Type 'SwarmResponse | { bee: { id: string; type: string; name: string; status: string; specialty: string; }; content: string; confidence: number; }' is not assignable to type 'SwarmResponse'.
server/ai/orchestrator.ts(10,10): error TS2305: Module '"./bees/ti-guy-chat.js"' has no exported member 'executeTiGuyChatBee'.
server/ai/orchestrator.ts(11,10): error TS2305: Module '"./bees/studio-caption.js"' has no exported member 'executeStudioCaptionBee'.
server/ai/orchestrator.ts(12,10): error TS2305: Module '"./bees/studio-image.js"' has no exported member 'executeStudioImageBee'.
server/ai/orchestrator.ts(13,10): error TS2305: Module '"./bees/studio-video.js"' has no exported member 'executeStudioVideoBee'.
server/ai/orchestrator.ts(14,10): error TS2305: Module '"./bees/post-composer.js"' has no exported member 'executePostComposerBee'.
server/ai/orchestrator.ts(47,57): error TS2345: Argument of type 'Record<string, unknown>' is not assignable to parameter of type 'HiveTask'.
server/database-pool.ts(57,60): error TS18046: 'error' is of type 'unknown'.
server/seed.ts(68,56): error TS2769: No overload matches this call.
server/seed.ts(325,56): error TS2769: No overload matches this call.
